<?xml version="1.0" encoding="UTF-8"?>
<!-- Generated by org.testng.reporters.JUnitXMLReporter -->
<testsuite ignored="0" hostname="LAPTOP-0EAJ4K16" failures="0" tests="4" name="Default test" time="17.082" errors="0" timestamp="2023-04-02T16:19:55 IST">
  <testcase classname="api.test.PetTests" name="testCreateStore" time="6.439"/>
  <testcase classname="api.test.PetTests" name="testGetStore" time="2.35"/>
  <testcase classname="api.test.PetTests" name="testUpdateStore" time="5.351"/>
  <testcase classname="api.test.PetTests" name="testDeletePet" time="2.456"/>
</testsuite> <!-- Default test -->
