<?xml version="1.0" encoding="UTF-8"?>
<!-- Generated by org.testng.reporters.JUnitXMLReporter -->
<testsuite ignored="0" hostname="LAPTOP-0EAJ4K16" failures="0" tests="4" name="Default test" time="25.045" errors="0" timestamp="2023-03-28T15:22:23 IST">
  <testcase classname="api.test.UserTests" name="testPostUser" time="6.994"/>
  <testcase classname="api.test.UserTests" name="testGetUserByName" time="8.006"/>
  <testcase classname="api.test.UserTests" name="testUpdateUserByName" time="6.594"/>
  <testcase classname="api.test.UserTests" name="testDeleteUserByName" time="2.637"/>
</testsuite> <!-- Default test -->
