<?xml version="1.0" encoding="UTF-8"?>
<testng-results ignored="0" total="11" passed="11" failed="0" skipped="0">
  <reporter-output>
  </reporter-output>
  <suite started-at="2023-04-02T16:29:09 IST" name="PetSuite" finished-at="2023-04-02T16:29:57 IST" duration-ms="48226">
    <groups>
    </groups>
    <test started-at="2023-04-02T16:29:09 IST" name="PetTest" finished-at="2023-04-02T16:29:57 IST" duration-ms="48226">
      <class name="api.test.UserTests2">
        <test-method is-config="true" signature="setup()[pri:0, instance:api.test.UserTests2@3e27aa33]" started-at="2023-04-02T16:29:09 IST" name="setup" finished-at="2023-04-02T16:29:16 IST" duration-ms="6282" status="PASS">
          <reporter-output>
          </reporter-output>
        </test-method> <!-- setup -->
        <test-method signature="testPostUser()[pri:1, instance:api.test.UserTests2@3e27aa33]" started-at="2023-04-02T16:29:16 IST" name="testPostUser" finished-at="2023-04-02T16:29:22 IST" duration-ms="6021" status="PASS">
          <reporter-output>
          </reporter-output>
        </test-method> <!-- testPostUser -->
        <test-method signature="testGetUserByName()[pri:2, instance:api.test.UserTests2@3e27aa33]" started-at="2023-04-02T16:29:22 IST" name="testGetUserByName" finished-at="2023-04-02T16:29:23 IST" duration-ms="1272" status="PASS">
          <reporter-output>
          </reporter-output>
        </test-method> <!-- testGetUserByName -->
        <test-method signature="testUpdateUserByName()[pri:3, instance:api.test.UserTests2@3e27aa33]" started-at="2023-04-02T16:29:23 IST" name="testUpdateUserByName" finished-at="2023-04-02T16:29:29 IST" duration-ms="6402" status="PASS">
          <reporter-output>
          </reporter-output>
        </test-method> <!-- testUpdateUserByName -->
        <test-method signature="testDeleteUserByName()[pri:4, instance:api.test.UserTests2@3e27aa33]" started-at="2023-04-02T16:29:29 IST" name="testDeleteUserByName" finished-at="2023-04-02T16:29:34 IST" duration-ms="4240" status="PASS">
          <reporter-output>
          </reporter-output>
        </test-method> <!-- testDeleteUserByName -->
      </class> <!-- api.test.UserTests2 -->
      <class name="api.test.PetTests">
        <test-method is-config="true" signature="setup()[pri:0, instance:api.test.PetTests@644baf4a]" started-at="2023-04-02T16:29:42 IST" name="setup" finished-at="2023-04-02T16:29:42 IST" duration-ms="47" status="PASS">
          <reporter-output>
          </reporter-output>
        </test-method> <!-- setup -->
        <test-method signature="testCreateStore()[pri:1, instance:api.test.PetTests@644baf4a]" started-at="2023-04-02T16:29:42 IST" name="testCreateStore" finished-at="2023-04-02T16:29:45 IST" duration-ms="2816" status="PASS">
          <reporter-output>
          </reporter-output>
        </test-method> <!-- testCreateStore -->
        <test-method signature="testGetStore()[pri:2, instance:api.test.PetTests@644baf4a]" started-at="2023-04-02T16:29:45 IST" name="testGetStore" finished-at="2023-04-02T16:29:47 IST" duration-ms="2334" status="PASS">
          <reporter-output>
          </reporter-output>
        </test-method> <!-- testGetStore -->
        <test-method signature="testUpdateStore()[pri:3, instance:api.test.PetTests@644baf4a]" started-at="2023-04-02T16:29:47 IST" name="testUpdateStore" finished-at="2023-04-02T16:29:54 IST" duration-ms="6851" status="PASS">
          <reporter-output>
          </reporter-output>
        </test-method> <!-- testUpdateStore -->
        <test-method signature="testDeletePet()[pri:4, instance:api.test.PetTests@644baf4a]" started-at="2023-04-02T16:29:54 IST" name="testDeletePet" finished-at="2023-04-02T16:29:57 IST" duration-ms="2841" status="PASS">
          <reporter-output>
          </reporter-output>
        </test-method> <!-- testDeletePet -->
      </class> <!-- api.test.PetTests -->
      <class name="api.test.StoreTests">
        <test-method signature="testPostUser()[pri:1, instance:api.test.StoreTests@f78a47e]" started-at="2023-04-02T16:29:34 IST" name="testPostUser" finished-at="2023-04-02T16:29:37 IST" duration-ms="3069" status="PASS">
          <reporter-output>
          </reporter-output>
        </test-method> <!-- testPostUser -->
        <test-method is-config="true" signature="setup()[pri:0, instance:api.test.StoreTests@f78a47e]" started-at="2023-04-02T16:29:34 IST" name="setup" finished-at="2023-04-02T16:29:34 IST" duration-ms="0" status="PASS">
          <reporter-output>
          </reporter-output>
        </test-method> <!-- setup -->
        <test-method signature="testGetUser()[pri:2, instance:api.test.StoreTests@f78a47e]" started-at="2023-04-02T16:29:37 IST" name="testGetUser" finished-at="2023-04-02T16:29:40 IST" duration-ms="2963" status="PASS">
          <reporter-output>
          </reporter-output>
        </test-method> <!-- testGetUser -->
        <test-method signature="testDeleteUser()[pri:3, instance:api.test.StoreTests@f78a47e]" started-at="2023-04-02T16:29:40 IST" name="testDeleteUser" finished-at="2023-04-02T16:29:42 IST" duration-ms="2398" status="PASS">
          <reporter-output>
          </reporter-output>
        </test-method> <!-- testDeleteUser -->
      </class> <!-- api.test.StoreTests -->
    </test> <!-- PetTest -->
  </suite> <!-- PetSuite -->
</testng-results>
