<?xml version="1.0" encoding="UTF-8"?>
<!-- Generated by org.testng.reporters.JUnitXMLReporter -->
<testsuite ignored="0" hostname="LAPTOP-0EAJ4K16" failures="0" tests="4" name="PetTest" time="16.462" errors="0" timestamp="2023-03-28T18:58:03 IST">
  <testcase classname="api.test.UserTests2" name="testPostUser" time="7.666"/>
  <testcase classname="api.test.UserTests2" name="testGetUserByName" time="1.234"/>
  <testcase classname="api.test.UserTests2" name="testUpdateUserByName" time="2.361"/>
  <testcase classname="api.test.UserTests2" name="testDeleteUserByName" time="1.619"/>
</testsuite> <!-- PetTest -->
