<?xml version="1.0" encoding="UTF-8"?>
<!-- Generated by org.testng.reporters.JUnitXMLReporter -->
<testsuite ignored="0" hostname="LAPTOP-0EAJ4K16" failures="0" tests="11" name="PetTest" time="48.226" errors="0" timestamp="2023-04-02T16:29:58 IST">
  <testcase classname="api.test.UserTests2" name="testPostUser" time="6.021"/>
  <testcase classname="api.test.UserTests2" name="testGetUserByName" time="1.272"/>
  <testcase classname="api.test.UserTests2" name="testUpdateUserByName" time="6.402"/>
  <testcase classname="api.test.UserTests2" name="testDeleteUserByName" time="4.24"/>
  <testcase classname="api.test.StoreTests" name="testPostUser" time="3.069"/>
  <testcase classname="api.test.StoreTests" name="testGetUser" time="2.963"/>
  <testcase classname="api.test.StoreTests" name="testDeleteUser" time="2.398"/>
  <testcase classname="api.test.PetTests" name="testCreateStore" time="2.816"/>
  <testcase classname="api.test.PetTests" name="testGetStore" time="2.334"/>
  <testcase classname="api.test.PetTests" name="testUpdateStore" time="6.851"/>
  <testcase classname="api.test.PetTests" name="testDeletePet" time="2.841"/>
</testsuite> <!-- PetTest -->
