<?xml version="1.0" encoding="UTF-8"?>
<!-- Generated by org.testng.reporters.JUnitXMLReporter -->
<testsuite ignored="0" hostname="LAPTOP-0EAJ4K16" failures="0" tests="4" name="PetTest" time="14.653" errors="0" timestamp="2023-03-28T17:33:21 IST">
  <testcase classname="api.test.UserTests2" name="testPostUser" time="6.06"/>
  <testcase classname="api.test.UserTests2" name="testGetUserByName" time="1.61"/>
  <testcase classname="api.test.UserTests2" name="testUpdateUserByName" time="3.152"/>
  <testcase classname="api.test.UserTests2" name="testDeleteUserByName" time="1.51"/>
</testsuite> <!-- PetTest -->
