<?xml version="1.0" encoding="UTF-8"?>
<!-- Generated by org.testng.reporters.JUnitXMLReporter -->
<testsuite ignored="0" hostname="LAPTOP-0EAJ4K16" failures="0" tests="11" name="PetTest" time="42.21" errors="0" timestamp="2023-04-02T16:27:42 IST">
  <testcase classname="api.test.UserTests2" name="testPostUser" time="5.916"/>
  <testcase classname="api.test.UserTests2" name="testGetUserByName" time="1.8"/>
  <testcase classname="api.test.UserTests2" name="testUpdateUserByName" time="5.101"/>
  <testcase classname="api.test.UserTests2" name="testDeleteUserByName" time="2.665"/>
  <testcase classname="api.test.StoreTests" name="testPostUser" time="3.464"/>
  <testcase classname="api.test.StoreTests" name="testGetUser" time="2.095"/>
  <testcase classname="api.test.StoreTests" name="testDeleteUser" time="2.771"/>
  <testcase classname="api.test.PetTests" name="testCreateStore" time="4.398"/>
  <testcase classname="api.test.PetTests" name="testGetStore" time="2.742"/>
  <testcase classname="api.test.PetTests" name="testUpdateStore" time="6.509"/>
  <testcase classname="api.test.PetTests" name="testDeletePet" time="2.42"/>
</testsuite> <!-- PetTest -->
